testad/build/intermediates/manifest_merge_blame_file/debug/processDebugMainManifest/manifest-merger-blame-debug-report.txt
1<?xml version="1.0" encoding="utf-8"?>
2<manifest xmlns:android="http://schemas.android.com/apk/res/android"
3    package="app.bypassads.testad"
4    android:versionCode="1"
5    android:versionName="0.1.0" >
6
7    <uses-sdk
7-->INJECTED
8        android:minSdkVersion="26"
8-->INJECTED
9        android:targetSdkVersion="37" />
9-->INJECTED
10
11    <application
11-->src\main\AndroidManifest.xml:3:5-10:19
12        android:allowBackup="false"
12-->src\main\AndroidManifest.xml:3:18-45
13        android:debuggable="true"
14        android:extractNativeLibs="false"
14-->INJECTED
15        android:label="Bypass Ads Test"
15-->src\main\AndroidManifest.xml:3:46-77
16        android:theme="@android:style/Theme.Material.Light.NoActionBar" >
16-->src\main\AndroidManifest.xml:3:78-141
17        <activity
17-->src\main\AndroidManifest.xml:4:9-9:20
18            android:name="app.bypassads.testad.MainActivity"
18-->src\main\AndroidManifest.xml:4:19-47
19            android:exported="true" >
19-->src\main\AndroidManifest.xml:4:48-71
20            <intent-filter>
20-->src\main\AndroidManifest.xml:5:13-8:29
21                <action android:name="android.intent.action.MAIN" />
21-->src\main\AndroidManifest.xml:6:17-69
21-->src\main\AndroidManifest.xml:6:25-66
22
23                <category android:name="android.intent.category.LAUNCHER" />
23-->src\main\AndroidManifest.xml:7:17-77
23-->src\main\AndroidManifest.xml:7:27-74
24            </intent-filter>
25        </activity>
26    </application>
27
28</manifest>